<?xml version="1.0" encoding="UTF-8"?>
<testng-results skipped="0" failed="0" total="1" passed="1">
  <reporter-output>
  </reporter-output>
  <suite name="Default suite" duration-ms="11508" started-at="2016-08-16T18:19:07Z" finished-at="2016-08-16T18:19:18Z">
    <groups>
    </groups>
    <test name="Default test" duration-ms="11508" started-at="2016-08-16T18:19:07Z" finished-at="2016-08-16T18:19:18Z">
      <class name="TravelBussiness.WebDriverTest.Test2">
        <test-method status="PASS" signature="setUp()[pri:0, instance:TravelBussiness.WebDriverTest.Test2@3834d63f]" name="setUp" is-config="true" duration-ms="8838" started-at="2016-08-16T15:19:07Z" finished-at="2016-08-16T15:19:16Z">
          <reporter-output>
          </reporter-output>
        </test-method> <!-- setUp -->
        <test-method status="PASS" signature="test()[pri:0, instance:TravelBussiness.WebDriverTest.Test2@3834d63f]" name="test" duration-ms="1640" started-at="2016-08-16T15:19:16Z" finished-at="2016-08-16T15:19:17Z">
          <reporter-output>
          </reporter-output>
        </test-method> <!-- test -->
        <test-method status="PASS" signature="tearDown()[pri:0, instance:TravelBussiness.WebDriverTest.Test2@3834d63f]" name="tearDown" is-config="true" duration-ms="1016" started-at="2016-08-16T15:19:17Z" finished-at="2016-08-16T15:19:18Z">
          <reporter-output>
          </reporter-output>
        </test-method> <!-- tearDown -->
      </class> <!-- TravelBussiness.WebDriverTest.Test2 -->
    </test> <!-- Default test -->
  </suite> <!-- Default suite -->
</testng-results>
